This file contains any messages produced by compilers while
running configure, to aid debugging if configure makes a mistake.

It was created by overturns2d configure 3.0, which was
generated by GNU Autoconf 2.69.  Invocation command line was

  $ ./configure --enable-openmp

## --------- ##
## Platform. ##
## --------- ##

hostname = flux-login1.arc-ts.umich.edu
uname -m = x86_64
uname -r = 3.10.0-327.36.3.el7.x86_64
uname -s = Linux
uname -v = #1 SMP Mon Oct 24 16:09:20 UTC 2016

/usr/bin/uname -p = x86_64
/bin/uname -X     = unknown

/bin/arch              = x86_64
/usr/bin/arch -k       = unknown
/usr/convex/getsysinfo = unknown
/usr/bin/hostinfo      = unknown
/bin/machine           = unknown
/usr/bin/oslevel       = unknown
/bin/universe          = unknown

PATH: /sw/arcts/centos7/openmpi/1.10.2-intel-17.0.1-1/bin
PATH: /sw/arcts/centos7/intel/17.0.1-1/compilers_and_libraries_2017.1.132/linux/bin/intel64
PATH: /sw/med/centos7/swig/3.0.10
PATH: /sw/coe/centos7/c/tecplot/2016/bin
PATH: /sw/arcts/centos7/cmake/3.5.2/bin
PATH: /sw/lsa/centos7/python-anaconda2/latest/bin
PATH: /sw/arcts/centos7/openmpi/1.10.2-gcc-4.8.5/bin
PATH: /usr/local/bin
PATH: /usr/local/sbin
PATH: /usr/lib64/qt-3.3/bin
PATH: /opt/moab/bin
PATH: /usr/local/bin
PATH: /usr/bin
PATH: /usr/local/sbin
PATH: /usr/sbin
PATH: /opt/ibutils/bin
PATH: /home/asitav/bin
PATH: .
PATH: /home/asitav/softwares/cgnslib_3.2.1/src/cgnstools/utilities
PATH: .
PATH: /home/asitav/softwares/cgnsutilities/bin
PATH: /home/asitav/opt/bin
PATH: /home/asitav/research/su2/SU2/bin
PATH: /home/asitav/bin


## ----------- ##
## Core tests. ##
## ----------- ##

configure:1896: checking for a BSD-compatible install
configure:1964: result: /usr/bin/install -c
configure:1975: checking whether build environment is sane
configure:2030: result: yes
configure:2068: WARNING: 'missing' script is too old or missing
configure:2181: checking for a thread-safe mkdir -p
configure:2220: result: /usr/bin/mkdir -p
configure:2227: checking for gawk
configure:2243: found /usr/bin/gawk
configure:2254: result: gawk
configure:2265: checking whether make sets $(MAKE)
configure:2287: result: yes
configure:2316: checking whether make supports nested variables
configure:2333: result: yes
configure:2424: checking for gawk
configure:2451: result: gawk
configure:2462: checking for grep that handles long lines and -e
configure:2520: result: /usr/bin/grep
configure:2525: checking for egrep
configure:2587: result: /usr/bin/grep -E
configure:2636: checking for ranlib
configure:2652: found /usr/bin/ranlib
configure:2663: result: ranlib
configure:2733: checking for gcc
configure:2749: found /usr/bin/gcc
configure:2760: result: gcc
configure:2989: checking for C compiler version
configure:2998: gcc --version >&5
gcc (GCC) 4.8.5 20150623 (Red Hat 4.8.5-11)
Copyright (C) 2015 Free Software Foundation, Inc.
This is free software; see the source for copying conditions.  There is NO
warranty; not even for MERCHANTABILITY or FITNESS FOR A PARTICULAR PURPOSE.

configure:3009: $? = 0
configure:2998: gcc -v >&5
Using built-in specs.
COLLECT_GCC=gcc
COLLECT_LTO_WRAPPER=/usr/libexec/gcc/x86_64-redhat-linux/4.8.5/lto-wrapper
Target: x86_64-redhat-linux
Configured with: ../configure --prefix=/usr --mandir=/usr/share/man --infodir=/usr/share/info --with-bugurl=http://bugzilla.redhat.com/bugzilla --enable-bootstrap --enable-shared --enable-threads=posix --enable-checking=release --with-system-zlib --enable-__cxa_atexit --disable-libunwind-exceptions --enable-gnu-unique-object --enable-linker-build-id --with-linker-hash-style=gnu --enable-languages=c,c++,objc,obj-c++,java,fortran,ada,go,lto --enable-plugin --enable-initfini-array --disable-libgcj --with-isl=/builddir/build/BUILD/gcc-4.8.5-20150702/obj-x86_64-redhat-linux/isl-install --with-cloog=/builddir/build/BUILD/gcc-4.8.5-20150702/obj-x86_64-redhat-linux/cloog-install --enable-gnu-indirect-function --with-tune=generic --with-arch_32=x86-64 --build=x86_64-redhat-linux
Thread model: posix
gcc version 4.8.5 20150623 (Red Hat 4.8.5-11) (GCC) 
configure:3009: $? = 0
configure:2998: gcc -V >&5
gcc: error: unrecognized command line option '-V'
gcc: fatal error: no input files
compilation terminated.
configure:3009: $? = 4
configure:2998: gcc -qversion >&5
gcc: error: unrecognized command line option '-qversion'
gcc: fatal error: no input files
compilation terminated.
configure:3009: $? = 4
configure:3029: checking whether the C compiler works
configure:3051: gcc    conftest.c  >&5
configure:3055: $? = 0
configure:3103: result: yes
configure:3106: checking for C compiler default output file name
configure:3108: result: a.out
configure:3114: checking for suffix of executables
configure:3121: gcc -o conftest    conftest.c  >&5
configure:3125: $? = 0
configure:3147: result: 
configure:3169: checking whether we are cross compiling
configure:3177: gcc -o conftest    conftest.c  >&5
configure:3181: $? = 0
configure:3188: ./conftest
configure:3192: $? = 0
configure:3207: result: no
configure:3212: checking for suffix of object files
configure:3234: gcc -c   conftest.c >&5
configure:3238: $? = 0
configure:3259: result: o
configure:3263: checking whether we are using the GNU C compiler
configure:3282: gcc -c   conftest.c >&5
configure:3282: $? = 0
configure:3291: result: yes
configure:3300: checking whether gcc accepts -g
configure:3320: gcc -c -g  conftest.c >&5
configure:3320: $? = 0
configure:3361: result: yes
configure:3378: checking for gcc option to accept ISO C89
configure:3441: gcc  -c -g -O2  conftest.c >&5
configure:3441: $? = 0
configure:3454: result: none needed
configure:3485: checking for style of include used by make
configure:3513: result: GNU
configure:3539: checking dependency style of gcc
configure:3650: result: gcc3
configure:3666: checking whether gcc and cc understand -c and -o together
configure:3697: gcc -c conftest.c -o conftest2.o >&5
configure:3701: $? = 0
configure:3707: gcc -c conftest.c -o conftest2.o >&5
configure:3711: $? = 0
configure:3722: cc -c conftest.c >&5
configure:3726: $? = 0
configure:3734: cc -c conftest.c -o conftest2.o >&5
configure:3738: $? = 0
configure:3744: cc -c conftest.c -o conftest2.o >&5
configure:3748: $? = 0
configure:3766: result: yes
configure:3847: checking for 
configure:3877: result: no
configure:3847: checking for ifort
configure:3863: found /sw/arcts/centos7/intel/17.0.1-1/compilers_and_libraries_2017.1.132/linux/bin/intel64/ifort
configure:3874: result: ifort
configure:3900: checking for Fortran compiler version
configure:3909: ifort --version >&5
ifort (IFORT) 17.0.1 20161005
Copyright (C) 1985-2016 Intel Corporation.  All rights reserved.

configure:3920: $? = 0
configure:3909: ifort -v >&5
ifort version 17.0.1
configure:3920: $? = 0
configure:3909: ifort -V >&5
Intel(R) Fortran Intel(R) 64 Compiler for applications running on Intel(R) 64, Version 17.0.1.132 Build 20161005
Copyright (C) 1985-2016 Intel Corporation.  All rights reserved.

configure:3920: $? = 0
configure:3909: ifort -qversion >&5
ifort: command line warning #10006: ignoring unknown option '-qversion'
ifort: command line error: no files specified; for help type "ifort -help"
configure:3920: $? = 1
configure:3929: checking whether we are using the GNU Fortran compiler
configure:3942: ifort -c   conftest.F >&5
conftest.F(3): error #5082: Syntax error, found END-OF-STATEMENT when expecting one of: => = . [ % ( :
       choke me
---------------^
compilation aborted for conftest.F (code 1)
configure:3942: $? = 1
configure: failed program was:
|       program main
| #ifndef __GNUC__
|        choke me
| #endif
| 
|       end
configure:3951: result: no
configure:3957: checking whether ifort accepts -g
configure:3968: ifort -c -g  conftest.f >&5
configure:3968: $? = 0
configure:3976: result: yes
configure:4128: Fortran compiler set to ifort
configure:4130: FCFLAGS set to -fPIC -O3 -extend_source -r8 -openmp
configure:4132: C compiler set to gcc
configure:4134: CFLAGS set to -fPIC -O3 -extend_source -r8 -openmp
configure:4296: checking that generated files are newer than configure
configure:4302: result: done
configure:4333: creating ./config.status

## ---------------------- ##
## Running config.status. ##
## ---------------------- ##

This file was extended by overturns2d config.status 3.0, which was
generated by GNU Autoconf 2.69.  Invocation command line was

  CONFIG_FILES    = 
  CONFIG_HEADERS  = 
  CONFIG_LINKS    = 
  CONFIG_COMMANDS = 
  $ ./config.status 

on flux-login1.arc-ts.umich.edu

config.status:789: creating Makefile
config.status:789: creating ihc/Makefile
config.status:789: creating ihc/src/Makefile
config.status:789: creating src/Makefile
config.status:789: creating src/adjoints/Makefile
config.status:789: creating utils/interpolation/Makefile
config.status:961: executing depfiles commands

## ---------------- ##
## Cache variables. ##
## ---------------- ##

ac_cv_c_compiler_gnu=yes
ac_cv_env_CC_set=
ac_cv_env_CC_value=
ac_cv_env_CFLAGS_set=
ac_cv_env_CFLAGS_value=
ac_cv_env_CPPFLAGS_set=
ac_cv_env_CPPFLAGS_value=
ac_cv_env_FCFLAGS_set=
ac_cv_env_FCFLAGS_value=
ac_cv_env_FC_set=
ac_cv_env_FC_value=
ac_cv_env_LDFLAGS_set=
ac_cv_env_LDFLAGS_value=
ac_cv_env_LIBS_set=
ac_cv_env_LIBS_value=
ac_cv_env_build_alias_set=
ac_cv_env_build_alias_value=
ac_cv_env_host_alias_set=
ac_cv_env_host_alias_value=
ac_cv_env_target_alias_set=
ac_cv_env_target_alias_value=
ac_cv_fc_compiler_gnu=no
ac_cv_objext=o
ac_cv_path_EGREP='/usr/bin/grep -E'
ac_cv_path_GREP=/usr/bin/grep
ac_cv_path_install='/usr/bin/install -c'
ac_cv_path_mkdir=/usr/bin/mkdir
ac_cv_prog_AWK=gawk
ac_cv_prog_ac_ct_CC=gcc
ac_cv_prog_ac_ct_FC=ifort
ac_cv_prog_ac_ct_RANLIB=ranlib
ac_cv_prog_cc_c89=
ac_cv_prog_cc_g=yes
ac_cv_prog_cc_gcc_c_o=yes
ac_cv_prog_fc_g=yes
ac_cv_prog_make_make_set=yes
am_cv_CC_dependencies_compiler_type=gcc3
am_cv_make_support_nested_variables=yes

## ----------------- ##
## Output variables. ##
## ----------------- ##

ACLOCAL='aclocal-1.13'
AMDEPBACKSLASH='\'
AMDEP_FALSE='#'
AMDEP_TRUE=''
AMTAR='$${TAR-tar}'
AM_BACKSLASH='\'
AM_DEFAULT_V='$(AM_DEFAULT_VERBOSITY)'
AM_DEFAULT_VERBOSITY='1'
AM_V='$(V)'
AUTOCONF='autoconf'
AUTOHEADER='autoheader'
AUTOMAKE='automake-1.13'
AWK='gawk'
CC='gcc'
CCDEPMODE='depmode=gcc3'
CFLAGS='-fPIC -O3 -fopenmp'
COMPILE_ADJOINTS_FALSE='#'
COMPILE_ADJOINTS_TRUE=''
COMPILE_UTILS_FALSE='#'
COMPILE_UTILS_TRUE=''
CPPFLAGS=''
CYGPATH_W='echo'
DEFS='-DPACKAGE_NAME=\"overturns2d\" -DPACKAGE_TARNAME=\"overturns2d\" -DPACKAGE_VERSION=\"3.0\" -DPACKAGE_STRING=\"overturns2d\ 3.0\" -DPACKAGE_BUGREPORT=\"vinodkl@stanford.edu\" -DPACKAGE_URL=\"\" -DPACKAGE=\"overturns2d\" -DVERSION=\"3.0\" -DF77=1 -DFFLAGS=1'
DEPDIR='.deps'
ECHO_C=''
ECHO_N='-n'
ECHO_T=''
EGREP='/usr/bin/grep -E'
EXEEXT=''
F77='ifort'
FC='ifort'
FCFLAGS='-fPIC -O3 -extend_source -r8 -openmp'
FFLAGS='-fPIC -O3 -extend_source -r8 -openmp'
GREP='/usr/bin/grep'
INSTALL_DATA='${INSTALL} -m 644'
INSTALL_PROGRAM='${INSTALL}'
INSTALL_SCRIPT='${INSTALL}'
INSTALL_STRIP_PROGRAM='$(install_sh) -c -s'
LDFLAGS=''
LIBOBJS=''
LIBS=''
LTLIBOBJS=''
MAKEINFO='makeinfo'
MKDIR_P='/usr/bin/mkdir -p'
OBJEXT='o'
PACKAGE='overturns2d'
PACKAGE_BUGREPORT='vinodkl@stanford.edu'
PACKAGE_NAME='overturns2d'
PACKAGE_STRING='overturns2d 3.0'
PACKAGE_TARNAME='overturns2d'
PACKAGE_URL=''
PACKAGE_VERSION='3.0'
PATH_SEPARATOR=':'
RANLIB='ranlib'
SET_MAKE=''
SHELL='/bin/sh'
STRIP=''
VERSION='3.0'
ac_ct_CC='gcc'
ac_ct_FC='ifort'
am__EXEEXT_FALSE=''
am__EXEEXT_TRUE='#'
am__fastdepCC_FALSE='#'
am__fastdepCC_TRUE=''
am__include='include'
am__isrc=''
am__leading_dot='.'
am__nodep='_no'
am__quote=''
am__tar='$${TAR-tar} chof - "$$tardir"'
am__untar='$${TAR-tar} xf -'
bindir='${exec_prefix}/bin'
build_alias=''
datadir='${datarootdir}'
datarootdir='${prefix}/share'
docdir='${datarootdir}/doc/${PACKAGE_TARNAME}'
dvidir='${docdir}'
exec_prefix='${prefix}'
host_alias=''
htmldir='${docdir}'
includedir='${prefix}/include'
infodir='${datarootdir}/info'
install_sh='${SHELL} /home/asitav/research/turns2d_urans_git/ovset_cp/turns2d-new-ovset/config/install-sh'
libdir='${exec_prefix}/lib'
libexecdir='${exec_prefix}/libexec'
localedir='${datarootdir}/locale'
localstatedir='${prefix}/var'
mandir='${datarootdir}/man'
mkdir_p='$(MKDIR_P)'
oldincludedir='/usr/include'
pdfdir='${docdir}'
prefix='$(top_srcdir)'
program_transform_name='s,x,x,'
psdir='${docdir}'
sbindir='${exec_prefix}/sbin'
sharedstatedir='${prefix}/com'
sysconfdir='${prefix}/etc'
target_alias=''

## ----------- ##
## confdefs.h. ##
## ----------- ##

/* confdefs.h */
#define PACKAGE_NAME "overturns2d"
#define PACKAGE_TARNAME "overturns2d"
#define PACKAGE_VERSION "3.0"
#define PACKAGE_STRING "overturns2d 3.0"
#define PACKAGE_BUGREPORT "vinodkl@stanford.edu"
#define PACKAGE_URL ""
#define PACKAGE "overturns2d"
#define VERSION "3.0"
#define F77 1
#define FFLAGS 1

configure: exit 0
